---------------------------------------------------------------
Resultados del archivo ./Instancias_QAP/chr22a.dat

Estadísticas: 
MAX ITER: 151
END ITER: 151
MAXVECINOS: 330
INIT T: 4254.4
TCOLD: 0.0001
LAST T: 0.0001
B: 66.2252
MAX SUCCESS: 33
LAST SUCCESS: 33
Solución ES con coste 22542 y fitness = 2.66179

Tamaño del vector: 22
10 7 18 6 9 15 20 19 5 8 13 11 0 3 14 2 4 1 21 16 17 12 
Tiempo Pasado (ms): 2.324
---------------------------------------------------------------
---------------------------------------------------------------
Resultados del archivo ./Instancias_QAP/chr22b.dat

Estadísticas: 
MAX ITER: 151
END ITER: 151
MAXVECINOS: 330
INIT T: 2339.7
TCOLD: 0.0001
LAST T: 0.0001
B: 66.2252
MAX SUCCESS: 33
LAST SUCCESS: 33
Solución ES con coste 11284 y fitness = 0.821763

Tamaño del vector: 22
1 7 15 0 3 17 20 10 9 2 18 11 14 6 8 12 4 19 16 21 13 5 
Tiempo Pasado (ms): 2.069
---------------------------------------------------------------
---------------------------------------------------------------
Resultados del archivo ./Instancias_QAP/chr25a.dat

Estadísticas: 
MAX ITER: 133
END ITER: 133
MAXVECINOS: 375
INIT T: 3585.6
TCOLD: 0.0001
LAST T: 0.0001
B: 75.188
MAX SUCCESS: 37
LAST SUCCESS: 37
Solución ES con coste 20802 y fitness = 4.47998

Tamaño del vector: 25
21 19 10 15 0 9 1 7 20 2 11 6 18 16 24 22 13 5 17 23 3 14 12 4 8 
Tiempo Pasado (ms): 2.139
---------------------------------------------------------------
---------------------------------------------------------------
Resultados del archivo ./Instancias_QAP/esc128.dat

Estadísticas: 
MAX ITER: 26
END ITER: 26
MAXVECINOS: 1920
INIT T: 56.6657
TCOLD: 0.0001
LAST T: 0.0001
B: 384.615
MAX SUCCESS: 192
LAST SUCCESS: 192
Solución ES con coste 292 y fitness = 3.5625

Tamaño del vector: 128
1 105 8 53 116 27 14 9 97 15 68 19 17 70 78 38 4 111 122 44 118 11 91 39 100 21 74 45 125 92 87 35 115 43 79 47 31 73 10 107 41 119 54 12 98 113 3 96 36 18 77 5 121 63 81 20 108 72 126 50 30 25 89 90 24 65 61 52 86 67 64 109 123 13 6 83 95 76 23 102 82 69 94 29 127 33 57 88 101 7 75 22 103 93 2 120 56 106 124 48 49 40 34 46 0 58 37 99 26 104 59 117 42 114 112 110 28 62 84 60 55 32 16 71 85 66 80 51 
Tiempo Pasado (ms): 5.115
---------------------------------------------------------------
---------------------------------------------------------------
Resultados del archivo ./Instancias_QAP/had20.dat

Estadísticas: 
MAX ITER: 166
END ITER: 166
MAXVECINOS: 300
INIT T: 1437.15
TCOLD: 0.0001
LAST T: 0.0001
B: 60.241
MAX SUCCESS: 30
LAST SUCCESS: 30
Solución ES con coste 7796 y fitness = 0.126264

Tamaño del vector: 20
1 19 16 8 4 7 9 17 14 6 15 3 11 18 0 13 2 5 10 12 
Tiempo Pasado (ms): 0.803
---------------------------------------------------------------
---------------------------------------------------------------
Resultados del archivo ./Instancias_QAP/lipa60b.dat

Estadísticas: 
MAX ITER: 55
END ITER: 55
MAXVECINOS: 900
INIT T: 607743
TCOLD: 0.0001
LAST T: 0.0001
B: 181.818
MAX SUCCESS: 90
LAST SUCCESS: 90
Solución ES con coste 3296345 y fitness = 0.308003

Tamaño del vector: 60
42 36 8 30 46 43 32 14 18 56 12 35 54 41 5 55 49 1 51 25 27 28 59 0 11 39 50 4 52 48 38 20 21 19 9 58 10 22 24 16 2 7 29 31 53 23 34 15 37 26 33 57 47 44 17 3 40 45 6 13 
Tiempo Pasado (ms): 4.641
---------------------------------------------------------------
---------------------------------------------------------------
Resultados del archivo ./Instancias_QAP/lipa80b.dat

Estadísticas: 
MAX ITER: 41
END ITER: 41
MAXVECINOS: 1200
INIT T: 1.89382e+06
TCOLD: 0.0001
LAST T: 0.0001
B: 243.902
MAX SUCCESS: 120
LAST SUCCESS: 120
Solución ES con coste 10175287 y fitness = 0.310579

Tamaño del vector: 80
17 9 22 23 2 27 26 38 50 74 18 60 78 64 3 63 54 4 13 59 76 36 6 57 33 56 25 53 5 32 70 72 68 47 16 20 31 62 28 39 10 1 73 52 79 69 44 46 37 15 8 35 48 11 19 34 75 77 61 12 55 24 67 58 66 14 65 30 45 51 41 29 7 40 0 49 71 43 21 42 
Tiempo Pasado (ms): 2.359
---------------------------------------------------------------
---------------------------------------------------------------
Resultados del archivo ./Instancias_QAP/nug28.dat

Estadísticas: 
MAX ITER: 119
END ITER: 119
MAXVECINOS: 420
INIT T: 1280.2
TCOLD: 0.0001
LAST T: 0.0001
B: 84.0336
MAX SUCCESS: 42
LAST SUCCESS: 42
Solución ES con coste 6926 y fitness = 0.340689

Tamaño del vector: 28
17 1 12 5 14 18 2 3 4 20 27 22 7 25 16 15 26 21 19 8 10 13 23 0 9 11 24 6 
Tiempo Pasado (ms): 2.588
---------------------------------------------------------------
---------------------------------------------------------------
Resultados del archivo ./Instancias_QAP/sko81.dat

Estadísticas: 
MAX ITER: 41
END ITER: 41
MAXVECINOS: 1215
INIT T: 20193.5
TCOLD: 0.0001
LAST T: 0.0001
B: 243.902
MAX SUCCESS: 121
LAST SUCCESS: 121
Solución ES con coste 107940 y fitness = 0.18618

Tamaño del vector: 81
15 36 33 17 72 30 66 4 53 10 16 35 75 76 5 37 11 59 54 62 60 79 7 77 19 70 34 55 27 14 41 39 78 49 64 58 23 69 68 28 0 13 51 71 42 44 1 20 45 32 48 67 29 38 18 26 40 22 43 61 47 21 63 50 52 24 12 56 65 46 8 31 25 3 57 6 9 80 74 2 73 
Tiempo Pasado (ms): 4.978
---------------------------------------------------------------
---------------------------------------------------------------
Resultados del archivo ./Instancias_QAP/sko90.dat

Estadísticas: 
MAX ITER: 37
END ITER: 37
MAXVECINOS: 1350
INIT T: 25230.8
TCOLD: 0.0001
LAST T: 0.0001
B: 270.27
MAX SUCCESS: 135
LAST SUCCESS: 135
Solución ES con coste 138018 y fitness = 0.194609

Tamaño del vector: 90
28 77 79 61 67 32 76 86 40 34 58 64 46 42 26 17 85 30 81 37 68 16 56 38 63 18 78 53 24 8 1 84 83 54 25 47 62 23 27 45 51 82 13 73 33 87 59 5 14 12 52 21 39 88 20 2 29 72 66 80 7 43 65 50 69 9 10 57 36 35 6 75 19 4 15 55 31 70 0 48 11 49 60 89 41 71 74 22 3 44 
Tiempo Pasado (ms): 2.581
---------------------------------------------------------------
---------------------------------------------------------------
Resultados del archivo ./Instancias_QAP/sko100a.dat

Estadísticas: 
MAX ITER: 33
END ITER: 33
MAXVECINOS: 1500
INIT T: 33090.2
TCOLD: 0.0001
LAST T: 0.0001
B: 303.03
MAX SUCCESS: 150
LAST SUCCESS: 150
Solución ES con coste 176430 y fitness = 0.160708

Tamaño del vector: 100
35 52 56 83 73 54 66 25 88 18 95 15 86 74 90 28 49 48 41 45 68 33 61 1 10 50 53 37 30 96 47 3 40 8 16 32 21 80 43 77 63 36 70 98 62 91 46 11 82 42 60 78 19 93 14 12 5 9 71 87 75 27 31 29 22 17 23 26 20 85 55 39 76 84 38 24 94 0 7 92 34 57 51 72 79 99 89 64 97 65 81 13 44 67 58 4 59 69 6 2 
Tiempo Pasado (ms): 5.942
---------------------------------------------------------------
---------------------------------------------------------------
Resultados del archivo ./Instancias_QAP/sko100f.dat

Estadísticas: 
MAX ITER: 33
END ITER: 33
MAXVECINOS: 1500
INIT T: 32365.1
TCOLD: 0.0001
LAST T: 0.0001
B: 303.03
MAX SUCCESS: 150
LAST SUCCESS: 150
Solución ES con coste 175552 y fitness = 0.177917

Tamaño del vector: 100
67 77 36 69 90 22 1 58 16 28 32 48 79 17 12 38 76 3 96 27 6 9 53 72 46 40 34 60 86 7 37 15 94 43 92 61 5 82 56 10 24 42 84 45 20 89 99 68 57 65 87 18 75 62 23 52 47 14 31 66 33 95 74 29 2 97 21 51 83 73 0 39 41 93 63 59 25 85 64 80 54 88 81 98 4 50 78 55 26 35 30 44 49 91 71 11 8 70 13 19 
Tiempo Pasado (ms): 5.121
---------------------------------------------------------------
---------------------------------------------------------------
Resultados del archivo ./Instancias_QAP/tai100a.dat

Estadísticas: 
MAX ITER: 33
END ITER: 33
MAXVECINOS: 1500
INIT T: 4.48428e+06
TCOLD: 0.0001
LAST T: 0.0001
B: 303.03
MAX SUCCESS: 150
LAST SUCCESS: 150
Solución ES con coste 24180490 y fitness = 0.148582

Tamaño del vector: 100
5 59 64 30 68 29 61 83 92 60 93 9 87 43 98 0 85 26 45 12 2 90 67 78 38 19 62 57 33 52 82 1 84 73 4 74 22 21 34 40 75 76 13 99 15 8 58 91 39 50 24 53 77 44 27 79 28 63 47 41 51 7 81 16 35 20 3 55 23 86 36 70 31 37 46 11 49 69 54 14 94 97 6 10 18 71 56 17 25 66 32 89 42 95 88 65 80 72 96 48 
Tiempo Pasado (ms): 2.892
---------------------------------------------------------------
---------------------------------------------------------------
Resultados del archivo ./Instancias_QAP/tai100b.dat

Estadísticas: 
MAX ITER: 33
END ITER: 33
MAXVECINOS: 1500
INIT T: 3.09272e+08
TCOLD: 0.0001
LAST T: 0.0001
B: 303.03
MAX SUCCESS: 150
LAST SUCCESS: 150
Solución ES con coste 1762930289 y fitness = 0.486455

Tamaño del vector: 100
36 54 59 52 7 46 86 47 61 12 53 32 37 40 94 29 56 89 42 76 33 11 25 26 93 0 64 62 79 69 96 73 65 55 80 49 5 60 97 13 77 22 41 99 71 18 8 98 87 83 45 68 19 20 3 75 63 57 34 72 81 50 21 28 16 15 43 31 23 27 88 90 14 85 44 66 82 92 24 84 78 67 30 74 51 58 91 2 95 35 4 6 39 10 9 38 70 1 17 48 
Tiempo Pasado (ms): 2.817
---------------------------------------------------------------
---------------------------------------------------------------
Resultados del archivo ./Instancias_QAP/tai150b.dat

Estadísticas: 
MAX ITER: 22
END ITER: 22
MAXVECINOS: 2250
INIT T: 1.21209e+08
TCOLD: 0.0001
LAST T: 0.0001
B: 454.546
MAX SUCCESS: 225
LAST SUCCESS: 225
Solución ES con coste 649666077 y fitness = 0.302206

Tamaño del vector: 150
84 73 108 27 93 14 41 119 116 32 37 71 55 40 35 29 51 69 59 72 74 49 7 103 132 48 115 85 70 30 31 144 136 68 6 111 54 23 127 135 87 24 107 104 114 62 34 86 77 80 117 61 122 65 148 139 128 8 91 63 81 19 39 12 125 137 147 106 134 28 5 2 96 1 126 60 79 89 26 121 53 3 10 44 90 149 141 36 22 38 75 9 82 0 120 133 64 25 21 17 143 109 83 11 110 47 118 129 97 142 50 123 112 4 131 99 101 58 146 66 15 13 105 94 56 145 92 95 42 98 138 113 52 140 130 20 46 78 57 100 18 76 16 45 67 88 43 102 124 33 
Tiempo Pasado (ms): 8.686
---------------------------------------------------------------
---------------------------------------------------------------
Resultados del archivo ./Instancias_QAP/tai256c.dat

Estadísticas: 
MAX ITER: 13
END ITER: 13
MAXVECINOS: 3840
INIT T: 9.7928e+06
TCOLD: 0.0001
LAST T: 0.0001
B: 769.231
MAX SUCCESS: 384
LAST SUCCESS: 384
Solución ES con coste 52681218 y fitness = 0.176989

Tamaño del vector: 256
168 3 191 176 230 223 116 199 2 109 95 244 175 113 182 13 7 227 234 144 146 222 70 207 150 221 38 22 204 103 16 114 193 183 104 124 248 217 174 140 66 31 156 167 125 50 42 53 208 215 79 77 10 24 133 41 169 117 21 110 238 142 72 180 55 141 233 68 151 80 45 185 220 235 59 186 226 126 97 240 121 37 138 254 210 115 5 228 129 100 134 91 8 145 166 225 105 85 65 76 205 241 75 181 161 63 27 112 36 82 119 224 239 93 25 108 86 87 162 1 9 247 19 11 136 92 184 255 61 188 32 172 213 170 122 179 51 99 14 44 52 196 251 237 90 34 137 84 23 218 159 48 198 88 28 171 29 160 178 165 139 120 214 49 15 147 190 229 71 152 62 89 219 96 216 58 164 203 69 67 157 74 243 158 197 57 202 195 6 46 39 107 123 154 81 155 149 201 132 30 26 78 127 253 212 148 54 111 43 12 17 56 252 73 173 60 64 128 245 4 101 236 20 47 200 98 189 194 153 18 211 242 118 131 232 83 143 177 94 0 135 35 192 163 106 40 187 250 33 206 246 249 209 231 102 130 
Tiempo Pasado (ms): 8.359
---------------------------------------------------------------
---------------------------------------------------------------
Resultados del archivo ./Instancias_QAP/tho40.dat

Estadísticas: 
MAX ITER: 83
END ITER: 83
MAXVECINOS: 600
INIT T: 61561.7
TCOLD: 0.0001
LAST T: 0.0001
B: 120.482
MAX SUCCESS: 60
LAST SUCCESS: 60
Solución ES con coste 331862 y fitness = 0.379792

Tamaño del vector: 40
34 3 31 14 35 1 15 24 18 39 0 12 22 19 2 11 5 4 7 32 8 17 25 21 23 6 10 29 9 27 30 16 28 20 37 38 13 36 33 26 
Tiempo Pasado (ms): 1.281
---------------------------------------------------------------
---------------------------------------------------------------
Resultados del archivo ./Instancias_QAP/tho150.dat

Estadísticas: 
MAX ITER: 22
END ITER: 22
MAXVECINOS: 2250
INIT T: 1.81191e+06
TCOLD: 0.0001
LAST T: 0.0001
B: 454.545
MAX SUCCESS: 225
LAST SUCCESS: 225
Solución ES con coste 9785840 y fitness = 0.203167

Tamaño del vector: 150
19 85 113 136 104 110 9 139 103 90 137 129 47 62 146 23 109 140 51 29 123 5 11 44 135 53 42 57 65 79 30 100 95 15 49 74 107 71 96 92 143 36 54 13 40 102 17 64 114 128 50 1 145 119 59 91 24 46 43 38 130 78 82 63 69 7 4 72 116 6 56 28 2 86 35 142 21 121 41 25 61 18 76 34 87 12 66 131 8 27 99 147 98 127 115 94 26 122 48 39 106 108 14 73 52 134 83 141 60 138 22 16 126 67 10 32 93 3 37 31 20 88 133 117 148 105 111 70 120 58 124 149 112 144 118 97 80 75 77 81 68 132 89 84 0 101 45 33 125 55 
Tiempo Pasado (ms): 5.216
---------------------------------------------------------------
---------------------------------------------------------------
Resultados del archivo ./Instancias_QAP/wil50.dat

Estadísticas: 
MAX ITER: 66
END ITER: 66
MAXVECINOS: 750
INIT T: 10337
TCOLD: 0.0001
LAST T: 0.0001
B: 151.515
MAX SUCCESS: 75
LAST SUCCESS: 75
Solución ES con coste 55978 y fitness = 0.146714

Tamaño del vector: 50
21 43 36 1 26 8 23 28 11 3 40 47 31 25 13 20 24 16 39 12 48 15 35 44 2 34 38 17 29 42 45 37 14 41 6 18 7 5 27 0 32 9 22 49 19 33 46 30 10 4 
Tiempo Pasado (ms): 4.974
---------------------------------------------------------------
---------------------------------------------------------------
Resultados del archivo ./Instancias_QAP/wil100.dat

Estadísticas: 
MAX ITER: 33
END ITER: 33
MAXVECINOS: 1500
INIT T: 55686.8
TCOLD: 0.0001
LAST T: 0.0001
B: 303.03
MAX SUCCESS: 150
LAST SUCCESS: 150
Solución ES con coste 302456 y fitness = 0.107743

Tamaño del vector: 100
8 44 36 92 91 57 63 55 28 85 52 66 34 20 61 98 58 54 7 73 68 10 87 24 84 94 39 4 42 53 81 90 47 65 35 86 95 89 38 69 83 62 6 80 49 15 3 76 0 30 43 67 50 12 71 9 45 14 48 64 40 78 37 79 16 56 5 82 2 31 41 26 13 51 77 18 59 46 11 1 74 70 88 93 27 97 25 19 23 60 75 22 99 29 72 17 96 32 33 21 
Tiempo Pasado (ms): 2.895
---------------------------------------------------------------
